生成启动时间为 2018/8/17 10:36:11。
     1>项目“D:\core practice\InverseTransform\InverseTransform\InverseTransform.vcxproj”在节点 2 上(Build 个目标)。
     1>ClCompile:
         D:\application\VS2013\VC\bin\x86_amd64\CL.exe /c /I"C:\Program Files (x86)\Visual Leak Detector\include" /Zi /nologo /W3 /WX- /sdl /Od /D WIN32 /D _DEBUG /D _CONSOLE /D _LIB /D _CRT_SECURE_NO_WARNINGS /D _UNICODE /D UNICODE /Gm /EHsc /RTC1 /MDd /GS /fp:precise /Zc:wchar_t /Zc:forScope /Fo"x64\Debug\\" /Fd"x64\Debug\vc120.pdb" /Gd /TP /errorReport:prompt InverseTransform.cpp
         InverseTransform.cpp
     1>D:\Opencv3_2\opencv\build\include\opencv2/core/mat.hpp(2586): warning C4819: 该文件包含不能在当前代码页(936)中表示的字符。请将该文件保存为 Unicode 格式以防止数据丢失
     1>D:\Opencv3_2\opencv\build\include\opencv2/core/persistence.hpp : warning C4819: 该文件包含不能在当前代码页(936)中表示的字符。请将该文件保存为 Unicode 格式以防止数据丢失
     1>D:\Opencv3_2\opencv\build\include\opencv2/core/utility.hpp : warning C4819: 该文件包含不能在当前代码页(936)中表示的字符。请将该文件保存为 Unicode 格式以防止数据丢失
     1>D:\Opencv3_2\opencv\build\include\opencv2/imgproc.hpp(592): warning C4819: 该文件包含不能在当前代码页(936)中表示的字符。请将该文件保存为 Unicode 格式以防止数据丢失
     1>InverseTransform.cpp(165): warning C4244: “参数”: 从“double”转换到“int”，可能丢失数据
     1>InverseTransform.cpp(243): warning C4244: “=”: 从“int”转换到“float”，可能丢失数据
     1>InverseTransform.cpp(244): warning C4244: “=”: 从“int”转换到“float”，可能丢失数据
     1>InverseTransform.cpp(245): warning C4244: “=”: 从“int”转换到“float”，可能丢失数据
     1>InverseTransform.cpp(440): warning C4244: “=”: 从“int”转换到“float”，可能丢失数据
     1>InverseTransform.cpp(441): warning C4244: “=”: 从“int”转换到“float”，可能丢失数据
     1>InverseTransform.cpp(442): warning C4244: “=”: 从“int”转换到“float”，可能丢失数据
       Link:
         D:\application\VS2013\VC\bin\x86_amd64\link.exe /ERRORREPORT:PROMPT /OUT:"D:\core practice\InverseTransform\x64\Debug\InverseTransform.exe" /INCREMENTAL /NOLOGO /LIBPATH:"C:\Program Files (x86)\Visual Leak Detector\lib\Win64" opencv_world320d.lib kernel32.lib user32.lib gdi32.lib winspool.lib comdlg32.lib advapi32.lib shell32.lib ole32.lib oleaut32.lib uuid.lib odbc32.lib odbccp32.lib /MANIFEST /MANIFESTUAC:"level='asInvoker' uiAccess='false'" /manifest:embed /DEBUG /PDB:"D:\core practice\InverseTransform\x64\Debug\InverseTransform.pdb" /SUBSYSTEM:CONSOLE /TLBID:1 /DYNAMICBASE /NXCOMPAT /IMPLIB:"D:\core practice\InverseTransform\x64\Debug\InverseTransform.lib" /MACHINE:X64 x64\Debug\InverseTransform.obj
         InverseTransform.vcxproj -> D:\core practice\InverseTransform\x64\Debug\InverseTransform.exe
     1>已完成生成项目“D:\core practice\InverseTransform\InverseTransform\InverseTransform.vcxproj”(Build 个目标)的操作。

生成成功。

已用时间 00:00:02.36
