Determining if the pthread_create exist failed with the following output:
Change Dir: /home/ubuntu/my_opencv_code/GPU_Undistorted_Birdseye_Video/build/CMakeFiles/CMakeTmp

Run Build Command:"/usr/bin/make" "cmTC_f18b2/fast"
/usr/bin/make -f CMakeFiles/cmTC_f18b2.dir/build.make CMakeFiles/cmTC_f18b2.dir/build
make[1]: Entering directory `/home/ubuntu/my_opencv_code/GPU_Undistorted_Birdseye_Video/build/CMakeFiles/CMakeTmp'
Building C object CMakeFiles/cmTC_f18b2.dir/CheckSymbolExists.c.o
/usr/bin/cc   -fPIC    -o CMakeFiles/cmTC_f18b2.dir/CheckSymbolExists.c.o   -c /home/ubuntu/my_opencv_code/GPU_Undistorted_Birdseye_Video/build/CMakeFiles/CMakeTmp/CheckSymbolExists.c
Linking C executable cmTC_f18b2
/usr/local/bin/cmake -E cmake_link_script CMakeFiles/cmTC_f18b2.dir/link.txt --verbose=1
/usr/bin/cc -fPIC     -rdynamic CMakeFiles/cmTC_f18b2.dir/CheckSymbolExists.c.o  -o cmTC_f18b2 
CMakeFiles/cmTC_f18b2.dir/CheckSymbolExists.c.o: In function `main':
CheckSymbolExists.c:(.text+0x2c): undefined reference to `pthread_create'
collect2: error: ld returned 1 exit status
make[1]: *** [cmTC_f18b2] Error 1
make[1]: Leaving directory `/home/ubuntu/my_opencv_code/GPU_Undistorted_Birdseye_Video/build/CMakeFiles/CMakeTmp'
make: *** [cmTC_f18b2/fast] Error 2

File /home/ubuntu/my_opencv_code/GPU_Undistorted_Birdseye_Video/build/CMakeFiles/CMakeTmp/CheckSymbolExists.c:
/* */
#include <pthread.h>

int main(int argc, char** argv)
{
  (void)argv;
#ifndef pthread_create
  return ((int*)(&pthread_create))[argc];
#else
  (void)argc;
  return 0;
#endif
}

Determining if the function pthread_create exists in the pthreads failed with the following output:
Change Dir: /home/ubuntu/my_opencv_code/GPU_Undistorted_Birdseye_Video/build/CMakeFiles/CMakeTmp

Run Build Command:"/usr/bin/make" "cmTC_9b4de/fast"
/usr/bin/make -f CMakeFiles/cmTC_9b4de.dir/build.make CMakeFiles/cmTC_9b4de.dir/build
make[1]: Entering directory `/home/ubuntu/my_opencv_code/GPU_Undistorted_Birdseye_Video/build/CMakeFiles/CMakeTmp'
Building C object CMakeFiles/cmTC_9b4de.dir/CheckFunctionExists.c.o
/usr/bin/cc   -fPIC -DCHECK_FUNCTION_EXISTS=pthread_create   -o CMakeFiles/cmTC_9b4de.dir/CheckFunctionExists.c.o   -c /usr/local/share/cmake-3.8/Modules/CheckFunctionExists.c
Linking C executable cmTC_9b4de
/usr/local/bin/cmake -E cmake_link_script CMakeFiles/cmTC_9b4de.dir/link.txt --verbose=1
/usr/bin/cc -fPIC -DCHECK_FUNCTION_EXISTS=pthread_create    -rdynamic CMakeFiles/cmTC_9b4de.dir/CheckFunctionExists.c.o  -o cmTC_9b4de -lpthreads 
/usr/bin/ld: cannot find -lpthreads
collect2: error: ld returned 1 exit status
make[1]: *** [cmTC_9b4de] Error 1
make[1]: Leaving directory `/home/ubuntu/my_opencv_code/GPU_Undistorted_Birdseye_Video/build/CMakeFiles/CMakeTmp'
make: *** [cmTC_9b4de/fast] Error 2


