Build started 2018/8/17 3:22:11.
     1>Project "E:\VS_PRO\InverseTransform_2\InverseTransform\InverseTransform.vcxproj" on node 2 (Build target(s)).
     1>ClCompile:
         C:\Program Files (x86)\Microsoft Visual Studio 12.0\VC\bin\x86_amd64\CL.exe /c /Zi /nologo /W3 /WX- /sdl /O2 /Oi /GL /D WIN32 /D NDEBUG /D _CONSOLE /D _LIB /D _UNICODE /D UNICODE /Gm- /EHsc /MD /GS /Gy /fp:precise /Zc:wchar_t /Zc:forScope /Fo"x64\Release\\" /Fd"x64\Release\vc120.pdb" /Gd /TP /errorReport:prompt InverseTransform.cpp
         InverseTransform.cpp
     1>E:\opencv3.1.0\opencv\build\include\opencv2/core/mat.hpp(1965): warning C4819: The file contains a character that cannot be represented in the current code page (936). Save the file in Unicode format to prevent data loss
     1>E:\opencv3.1.0\opencv\build\include\opencv2/core/persistence.hpp : warning C4819: The file contains a character that cannot be represented in the current code page (936). Save the file in Unicode format to prevent data loss
     1>E:\opencv3.1.0\opencv\build\include\opencv2/core/utility.hpp : warning C4819: The file contains a character that cannot be represented in the current code page (936). Save the file in Unicode format to prevent data loss
     1>InverseTransform.cpp(165): warning C4244: 'argument' : conversion from 'double' to 'int', possible loss of data
     1>InverseTransform.cpp(243): warning C4244: '=' : conversion from 'int' to 'float', possible loss of data
     1>InverseTransform.cpp(244): warning C4244: '=' : conversion from 'int' to 'float', possible loss of data
     1>InverseTransform.cpp(245): warning C4244: '=' : conversion from 'int' to 'float', possible loss of data
     1>InverseTransform.cpp(440): warning C4244: '=' : conversion from 'int' to 'float', possible loss of data
     1>InverseTransform.cpp(441): warning C4244: '=' : conversion from 'int' to 'float', possible loss of data
     1>InverseTransform.cpp(442): warning C4244: '=' : conversion from 'int' to 'float', possible loss of data
       Link:
         C:\Program Files (x86)\Microsoft Visual Studio 12.0\VC\bin\x86_amd64\link.exe /ERRORREPORT:PROMPT /OUT:"E:\VS_PRO\InverseTransform_2\x64\Release\InverseTransform.exe" /INCREMENTAL:NO /NOLOGO opencv_world310d.lib opencv_world310.lib kernel32.lib user32.lib gdi32.lib winspool.lib comdlg32.lib advapi32.lib shell32.lib ole32.lib oleaut32.lib uuid.lib odbc32.lib odbccp32.lib /MANIFEST /MANIFESTUAC:"level='asInvoker' uiAccess='false'" /manifest:embed /DEBUG /PDB:"E:\VS_PRO\InverseTransform_2\x64\Release\InverseTransform.pdb" /SUBSYSTEM:CONSOLE /OPT:REF /OPT:ICF /LTCG /TLBID:1 /DYNAMICBASE /NXCOMPAT /IMPLIB:"E:\VS_PRO\InverseTransform_2\x64\Release\InverseTransform.lib" /MACHINE:X64 x64\Release\InverseTransform.obj
         Generating code
         Finished generating code
         InverseTransform.vcxproj -> E:\VS_PRO\InverseTransform_2\x64\Release\InverseTransform.exe
     1>Done Building Project "E:\VS_PRO\InverseTransform_2\InverseTransform\InverseTransform.vcxproj" (Build target(s)).

Build succeeded.

Time Elapsed 00:00:02.59
