Build started 2018/8/21 11:05:15.
     1>Project "E:\VS_PRO\fish\fish\fish.vcxproj" on node 2 (Build target(s)).
     1>ClCompile:
         C:\Program Files (x86)\Microsoft Visual Studio 12.0\VC\bin\x86_amd64\CL.exe /c /Zi /nologo /W3 /WX- /sdl /Od /D WIN32 /D _DEBUG /D _CONSOLE /D _LIB /D _UNICODE /D UNICODE /Gm /EHsc /RTC1 /MDd /GS /fp:precise /Zc:wchar_t /Zc:forScope /Fo"x64\Debug\\" /Fd"x64\Debug\vc120.pdb" /Gd /TP /errorReport:prompt fish.cpp
         fish.cpp
     1>E:\opencv3.1.0\opencv\build\include\opencv2/core/mat.hpp(1965): warning C4819: The file contains a character that cannot be represented in the current code page (936). Save the file in Unicode format to prevent data loss
     1>E:\opencv3.1.0\opencv\build\include\opencv2/core/persistence.hpp : warning C4819: The file contains a character that cannot be represented in the current code page (936). Save the file in Unicode format to prevent data loss
     1>E:\opencv3.1.0\opencv\build\include\opencv2/core/utility.hpp : warning C4819: The file contains a character that cannot be represented in the current code page (936). Save the file in Unicode format to prevent data loss
     1>fish.cpp(71): warning C4267: '=' : conversion from 'size_t' to 'int', possible loss of data
     1>fish.cpp(97): warning C4244: '=' : conversion from 'int' to 'float', possible loss of data
     1>fish.cpp(98): warning C4244: '=' : conversion from 'int' to 'float', possible loss of data
     1>fish.cpp(141): warning C4267: 'argument' : conversion from 'size_t' to 'int', possible loss of data
     1>fish.cpp(142): warning C4267: 'argument' : conversion from 'size_t' to 'int', possible loss of data
     1>fish.cpp(145): warning C4267: 'argument' : conversion from 'size_t' to 'int', possible loss of data
     1>fish.cpp(146): warning C4267: 'argument' : conversion from 'size_t' to 'int', possible loss of data
     1>fish.cpp(149): warning C4258: 'i' : definition from the for loop is ignored; the definition from the enclosing scope is used
                 fish.cpp(143) : definition of 'i' ignored
                 fish.cpp(133) : definition of 'i' used
     1>fish.cpp(150): warning C4258: 'i' : definition from the for loop is ignored; the definition from the enclosing scope is used
                 fish.cpp(143) : definition of 'i' ignored
                 fish.cpp(133) : definition of 'i' used
       Link:
         C:\Program Files (x86)\Microsoft Visual Studio 12.0\VC\bin\x86_amd64\link.exe /ERRORREPORT:PROMPT /OUT:"E:\VS_PRO\fish\x64\Debug\fish.exe" /INCREMENTAL /NOLOGO opencv_world310d.lib opencv_world310.lib opencv_world310d.lib opencv_world310.lib kernel32.lib user32.lib gdi32.lib winspool.lib comdlg32.lib advapi32.lib shell32.lib ole32.lib oleaut32.lib uuid.lib odbc32.lib odbccp32.lib /MANIFEST /MANIFESTUAC:"level='asInvoker' uiAccess='false'" /manifest:embed /DEBUG /PDB:"E:\VS_PRO\fish\x64\Debug\fish.pdb" /SUBSYSTEM:CONSOLE /TLBID:1 /DYNAMICBASE /NXCOMPAT /IMPLIB:"E:\VS_PRO\fish\x64\Debug\fish.lib" /MACHINE:X64 x64\Debug\fish.obj
         fish.vcxproj -> E:\VS_PRO\fish\x64\Debug\fish.exe
     1>Done Building Project "E:\VS_PRO\fish\fish\fish.vcxproj" (Build target(s)).

Build succeeded.

Time Elapsed 00:00:02.58
